mode: atomic
github.com/kamal-github/algorithms/pkg/leetcode/longest_palindrome.go:4.41,6.20 2 8
github.com/kamal-github/algorithms/pkg/leetcode/longest_palindrome.go:9.2,11.31 3 4
github.com/kamal-github/algorithms/pkg/leetcode/longest_palindrome.go:22.2,22.16 1 4
github.com/kamal-github/algorithms/pkg/leetcode/longest_palindrome.go:6.20,8.3 1 4
github.com/kamal-github/algorithms/pkg/leetcode/longest_palindrome.go:11.31,12.29 1 17
github.com/kamal-github/algorithms/pkg/leetcode/longest_palindrome.go:12.29,13.45 1 108
github.com/kamal-github/algorithms/pkg/leetcode/longest_palindrome.go:13.45,14.24 1 14
github.com/kamal-github/algorithms/pkg/leetcode/longest_palindrome.go:14.24,17.6 2 4
github.com/kamal-github/algorithms/pkg/leetcode/longest_palindrome.go:25.44,26.12 1 21
github.com/kamal-github/algorithms/pkg/leetcode/longest_palindrome.go:33.2,33.13 1 14
github.com/kamal-github/algorithms/pkg/leetcode/longest_palindrome.go:26.12,27.19 1 38
github.com/kamal-github/algorithms/pkg/leetcode/longest_palindrome.go:30.3,31.6 2 31
github.com/kamal-github/algorithms/pkg/leetcode/longest_palindrome.go:27.19,29.4 1 7
github.com/kamal-github/algorithms/pkg/leetcode/longest_palindrome.go:37.43,39.20 2 1
github.com/kamal-github/algorithms/pkg/leetcode/longest_palindrome.go:43.2,44.28 2 1
github.com/kamal-github/algorithms/pkg/leetcode/longest_palindrome.go:49.2,50.31 2 1
github.com/kamal-github/algorithms/pkg/leetcode/longest_palindrome.go:57.2,57.32 1 1
github.com/kamal-github/algorithms/pkg/leetcode/longest_palindrome.go:67.2,67.16 1 1
github.com/kamal-github/algorithms/pkg/leetcode/longest_palindrome.go:39.20,41.3 1 0
github.com/kamal-github/algorithms/pkg/leetcode/longest_palindrome.go:44.28,47.3 2 15
github.com/kamal-github/algorithms/pkg/leetcode/longest_palindrome.go:50.31,51.21 1 14
github.com/kamal-github/algorithms/pkg/leetcode/longest_palindrome.go:51.21,54.4 2 3
github.com/kamal-github/algorithms/pkg/leetcode/longest_palindrome.go:57.32,58.33 1 13
github.com/kamal-github/algorithms/pkg/leetcode/longest_palindrome.go:58.33,60.36 2 91
github.com/kamal-github/algorithms/pkg/leetcode/longest_palindrome.go:60.36,63.5 2 9
github.com/kamal-github/algorithms/pkg/leetcode/longest_substring_length.go:10.45,14.21 4 4
github.com/kamal-github/algorithms/pkg/leetcode/longest_substring_length.go:24.2,24.12 1 4
github.com/kamal-github/algorithms/pkg/leetcode/longest_substring_length.go:14.21,15.15 1 231
github.com/kamal-github/algorithms/pkg/leetcode/longest_substring_length.go:15.15,19.4 3 118
github.com/kamal-github/algorithms/pkg/leetcode/longest_substring_length.go:19.9,22.4 2 113
github.com/kamal-github/algorithms/pkg/leetcode/longest_substring_length.go:27.24,28.11 1 134
github.com/kamal-github/algorithms/pkg/leetcode/longest_substring_length.go:31.2,31.10 1 33
github.com/kamal-github/algorithms/pkg/leetcode/longest_substring_length.go:28.11,30.3 1 101
github.com/kamal-github/algorithms/pkg/leetcode/max_sum_subarray.go:4.36,8.27 3 5
github.com/kamal-github/algorithms/pkg/leetcode/max_sum_subarray.go:12.2,12.22 1 5
github.com/kamal-github/algorithms/pkg/leetcode/max_sum_subarray.go:8.27,10.3 1 16
github.com/kamal-github/algorithms/pkg/leetcode/max_sum_subarray.go:17.34,22.33 4 4
github.com/kamal-github/algorithms/pkg/leetcode/max_sum_subarray.go:30.2,30.35 1 4
github.com/kamal-github/algorithms/pkg/leetcode/max_sum_subarray.go:37.2,37.31 1 4
github.com/kamal-github/algorithms/pkg/leetcode/max_sum_subarray.go:47.2,47.16 1 4
github.com/kamal-github/algorithms/pkg/leetcode/max_sum_subarray.go:22.33,25.26 3 13
github.com/kamal-github/algorithms/pkg/leetcode/max_sum_subarray.go:25.26,27.4 1 7
github.com/kamal-github/algorithms/pkg/leetcode/max_sum_subarray.go:30.35,32.28 2 9
github.com/kamal-github/algorithms/pkg/leetcode/max_sum_subarray.go:32.28,34.4 1 2
github.com/kamal-github/algorithms/pkg/leetcode/max_sum_subarray.go:37.31,38.32 1 7
github.com/kamal-github/algorithms/pkg/leetcode/max_sum_subarray.go:38.32,41.27 3 18
github.com/kamal-github/algorithms/pkg/leetcode/max_sum_subarray.go:41.27,43.5 1 3
github.com/kamal-github/algorithms/pkg/leetcode/merge_two_lists.go:12.52,13.15 1 0
github.com/kamal-github/algorithms/pkg/leetcode/merge_two_lists.go:17.2,17.15 1 0
github.com/kamal-github/algorithms/pkg/leetcode/merge_two_lists.go:21.2,22.21 2 0
github.com/kamal-github/algorithms/pkg/leetcode/merge_two_lists.go:34.2,34.11 1 0
github.com/kamal-github/algorithms/pkg/leetcode/merge_two_lists.go:13.15,15.3 1 0
github.com/kamal-github/algorithms/pkg/leetcode/merge_two_lists.go:17.15,19.3 1 0
github.com/kamal-github/algorithms/pkg/leetcode/merge_two_lists.go:22.21,25.3 2 0
github.com/kamal-github/algorithms/pkg/leetcode/merge_two_lists.go:25.8,25.27 1 0
github.com/kamal-github/algorithms/pkg/leetcode/merge_two_lists.go:25.27,28.3 2 0
github.com/kamal-github/algorithms/pkg/leetcode/merge_two_lists.go:28.8,32.3 3 0
github.com/kamal-github/algorithms/pkg/leetcode/merge_two_lists.go:44.58,51.37 5 0
github.com/kamal-github/algorithms/pkg/leetcode/merge_two_lists.go:89.2,89.19 1 0
github.com/kamal-github/algorithms/pkg/leetcode/merge_two_lists.go:110.2,110.11 1 0
github.com/kamal-github/algorithms/pkg/leetcode/merge_two_lists.go:51.37,52.30 1 0
github.com/kamal-github/algorithms/pkg/leetcode/merge_two_lists.go:52.30,60.4 4 0
github.com/kamal-github/algorithms/pkg/leetcode/merge_two_lists.go:60.9,60.37 1 0
github.com/kamal-github/algorithms/pkg/leetcode/merge_two_lists.go:60.37,68.4 4 0
github.com/kamal-github/algorithms/pkg/leetcode/merge_two_lists.go:68.9,84.4 8 0
github.com/kamal-github/algorithms/pkg/leetcode/merge_two_lists.go:89.19,90.21 1 0
github.com/kamal-github/algorithms/pkg/leetcode/merge_two_lists.go:90.21,97.4 4 0
github.com/kamal-github/algorithms/pkg/leetcode/merge_two_lists.go:99.8,100.21 1 0
github.com/kamal-github/algorithms/pkg/leetcode/merge_two_lists.go:100.21,107.4 4 0
github.com/kamal-github/algorithms/pkg/leetcode/move_adj_ll.go:19.42,20.17 1 0
github.com/kamal-github/algorithms/pkg/leetcode/move_adj_ll.go:23.2,23.22 1 0
github.com/kamal-github/algorithms/pkg/leetcode/move_adj_ll.go:27.2,34.16 3 0
github.com/kamal-github/algorithms/pkg/leetcode/move_adj_ll.go:20.17,22.3 1 0
github.com/kamal-github/algorithms/pkg/leetcode/move_adj_ll.go:23.22,25.3 1 0
github.com/kamal-github/algorithms/pkg/leetcode/pascal.go:3.26,6.22 3 1
github.com/kamal-github/algorithms/pkg/leetcode/pascal.go:9.2,9.10 1 1
github.com/kamal-github/algorithms/pkg/leetcode/pascal.go:6.22,8.3 1 34
github.com/kamal-github/algorithms/pkg/leetcode/pascal.go:14.30,16.24 2 1
github.com/kamal-github/algorithms/pkg/leetcode/pascal.go:21.2,21.10 1 1
github.com/kamal-github/algorithms/pkg/leetcode/pascal.go:16.24,17.23 1 5
github.com/kamal-github/algorithms/pkg/leetcode/pascal.go:17.23,19.4 1 15
github.com/kamal-github/algorithms/pkg/leetcode/pascal.go:25.28,26.22 1 47
github.com/kamal-github/algorithms/pkg/leetcode/pascal.go:30.2,30.42 1 16
github.com/kamal-github/algorithms/pkg/leetcode/pascal.go:26.22,28.3 1 31
github.com/kamal-github/algorithms/pkg/leetcode/pascal.go:35.33,37.24 2 1
github.com/kamal-github/algorithms/pkg/leetcode/pascal.go:42.2,42.10 1 1
github.com/kamal-github/algorithms/pkg/leetcode/pascal.go:37.24,38.23 1 10
github.com/kamal-github/algorithms/pkg/leetcode/pascal.go:38.23,40.4 1 55
github.com/kamal-github/algorithms/pkg/leetcode/pascal.go:46.43,47.22 1 1217
github.com/kamal-github/algorithms/pkg/leetcode/pascal.go:50.2,50.20 1 1116
github.com/kamal-github/algorithms/pkg/leetcode/pascal.go:54.2,55.18 2 564
github.com/kamal-github/algorithms/pkg/leetcode/pascal.go:47.22,49.3 1 101
github.com/kamal-github/algorithms/pkg/leetcode/pascal.go:50.20,52.3 1 552
github.com/kamal-github/algorithms/pkg/leetcode/pascal.go:58.31,60.19 2 3
github.com/kamal-github/algorithms/pkg/leetcode/pascal.go:63.2,63.10 1 3
github.com/kamal-github/algorithms/pkg/leetcode/pascal.go:60.19,62.3 1 49
github.com/kamal-github/algorithms/pkg/leetcode/rev_str_rec.go:7.38,8.19 1 0
github.com/kamal-github/algorithms/pkg/leetcode/rev_str_rec.go:11.2,14.11 3 0
github.com/kamal-github/algorithms/pkg/leetcode/rev_str_rec.go:8.19,10.3 1 0
github.com/kamal-github/algorithms/pkg/leetcode/rev_str_rec.go:20.31,21.32 1 7
github.com/kamal-github/algorithms/pkg/leetcode/rev_str_rec.go:26.2,27.27 2 3
github.com/kamal-github/algorithms/pkg/leetcode/rev_str_rec.go:21.32,23.3 1 4
github.com/kamal-github/algorithms/pkg/leetcode/rev_str_rec.go:31.23,35.2 3 3
github.com/kamal-github/algorithms/pkg/leetcode/fibonacci.go:5.27,6.22 1 5
github.com/kamal-github/algorithms/pkg/leetcode/fibonacci.go:10.2,10.40 1 2
github.com/kamal-github/algorithms/pkg/leetcode/fibonacci.go:6.22,8.3 1 3
github.com/kamal-github/algorithms/pkg/leetcode/fibonacci.go:14.30,16.2 1 1
github.com/kamal-github/algorithms/pkg/leetcode/fibonacci.go:18.47,19.22 1 59
github.com/kamal-github/algorithms/pkg/leetcode/fibonacci.go:22.2,22.25 1 56
github.com/kamal-github/algorithms/pkg/leetcode/fibonacci.go:26.2,27.15 2 29
github.com/kamal-github/algorithms/pkg/leetcode/fibonacci.go:19.22,21.3 1 3
github.com/kamal-github/algorithms/pkg/leetcode/fibonacci.go:22.25,24.3 1 27
github.com/kamal-github/algorithms/pkg/leetcode/fibonacci.go:32.29,34.2 1 1
github.com/kamal-github/algorithms/pkg/leetcode/fibonacci.go:35.57,36.22 1 57
github.com/kamal-github/algorithms/pkg/leetcode/fibonacci.go:39.2,39.25 1 54
github.com/kamal-github/algorithms/pkg/leetcode/fibonacci.go:43.2,44.15 2 28
github.com/kamal-github/algorithms/pkg/leetcode/fibonacci.go:36.22,38.3 1 3
github.com/kamal-github/algorithms/pkg/leetcode/fibonacci.go:39.25,41.3 1 26
github.com/kamal-github/algorithms/pkg/leetcode/fibonacci.go:48.31,50.2 1 1
github.com/kamal-github/algorithms/pkg/leetcode/fibonacci.go:52.24,53.11 1 25
github.com/kamal-github/algorithms/pkg/leetcode/fibonacci.go:56.2,56.12 1 20
github.com/kamal-github/algorithms/pkg/leetcode/fibonacci.go:59.2,59.34 1 12
github.com/kamal-github/algorithms/pkg/leetcode/fibonacci.go:53.11,55.3 1 5
github.com/kamal-github/algorithms/pkg/leetcode/fibonacci.go:56.12,58.3 1 8
github.com/kamal-github/algorithms/pkg/leetcode/fibonacci.go:64.31,67.11 3 2
github.com/kamal-github/algorithms/pkg/leetcode/fibonacci.go:71.2,71.22 1 2
github.com/kamal-github/algorithms/pkg/leetcode/fibonacci.go:75.2,75.14 1 2
github.com/kamal-github/algorithms/pkg/leetcode/fibonacci.go:67.11,69.3 1 1
github.com/kamal-github/algorithms/pkg/leetcode/fibonacci.go:71.22,73.3 1 28
